Animal moved into position: (2,2)
Animal moved into position: (3,4)
Animal moved into position: (2,3)
Animal moved forward from (2,2) to (2,3)
Animal moved into position: (3,3)
Animal moved backward from (3,4) to (3,3)
Animal moved into position: (2,3)
Animal from position (2,3) turned right, orientation changed from N to E
Animal moved into position: (3,3)
Animal from position (3,3) turned left, orientation changed from N to W
Animal moved into position: (2,3)
Animal from position (2,3) turned right, orientation changed from E to S
Animal moved into position: (3,3)
Animal moved into position: (2,2)
Animal moved forward from (2,3) to (2,2)
Animal moved into position: (2,3)
Animal moved forward from (3,3) to (2,3)
Animal moved into position: (2,1)
Animal moved forward from (2,2) to (2,1)
Animal moved into position: (1,3)
Animal moved forward from (2,3) to (1,3)
Animal moved into position: (2,0)
Animal moved forward from (2,1) to (2,0)
Animal moved into position: (0,3)
Animal moved forward from (1,3) to (0,3)
Animal moved into position: (2,0)
